Cloudinary not available: AggregateError [EACCES]: 
    at internalConnectMultiple (node:net:1139:18)
    at afterConnectMultiple (node:net:1712:7) {
  code: 'EACCES',
  [errors]: [
    Error: connect EACCES 100.49.19.14:443
        at createConnectionError (node:net:1675:14)
        at afterConnectMultiple (node:net:1705:16) {
      errno: -4092,
      code: 'EACCES',
      syscall: 'connect',
      address: '100.49.19.14',
      port: 443
    },
    Error: connect EACCES 100.55.191.122:443
        at createConnectionError (node:net:1675:14)
        at afterConnectMultiple (node:net:1705:16) {
      errno: -4092,
      code: 'EACCES',
      syscall: 'connect',
      address: '100.55.191.122',
      port: 443
    },
    Error: connect EACCES 107.20.55.149:443
        at createConnectionError (node:net:1675:14)
        at afterConnectMultiple (node:net:1705:16) {
      errno: -4092,
      code: 'EACCES',
      syscall: 'connect',
      address: '107.20.55.149',
      port: 443
    },
    Error: connect EACCES 54.91.41.0:443
        at createConnectionError (node:net:1675:14)
        at afterConnectMultiple (node:net:1705:16) {
      errno: -4092,
      code: 'EACCES',
      syscall: 'connect',
      address: '54.91.41.0',
      port: 443
    }
  ]
}
